app/build/intermediates/manifest_merge_blame_file/release/processReleaseMainManifest/manifest-merger-blame-release-report.txt
1<?xml version="1.0" encoding="utf-8"?>
2<!--
3    Copyright 2019 Google Inc. All Rights Reserved.
4
5     Licensed under the Apache License, Version 2.0 (the "License");
6     you may not use this file except in compliance with the License.
7     You may obtain a copy of the License at
8
9         http://www.apache.org/licenses/LICENSE-2.0
10
11     Unless required by applicable law or agreed to in writing, software
12     distributed under the License is distributed on an "AS IS" BASIS,
13     WITHOUT WARRANTIES OR CONDITIONS OF ANY KIND, either express or implied.
14     See the License for the specific language governing permissions and
15     limitations under the License.
16-->
17<!--
18 The "package" attribute is rewritten by the Gradle build with the value of applicationId.
19     It is still required here, as it is used to derive paths, for instance when referring
20     to an Activity by ".MyActivity" instead of the full name. If more Activities are added to the
21     application, the package attribute will need to reflect the correct path in order to use
22     the abbreviated format.
23-->
24<manifest xmlns:android="http://schemas.android.com/apk/res/android"
25    package="com.izypt.app"
26    android:versionCode="12"
27    android:versionName="12" >
28
29    <uses-sdk
30        android:minSdkVersion="21"
31        android:targetSdkVersion="35" />
32
33    <uses-permission android:name="android.permission.POST_NOTIFICATIONS" />
33-->src/main/AndroidManifest.xml:26:9-80
33-->src/main/AndroidManifest.xml:26:26-78
34
35    <queries>
35-->[com.google.androidbrowserhelper:androidbrowserhelper:2.6.2] AndroidManifest.xml:22:5-30:15
36        <intent>
36-->[com.google.androidbrowserhelper:androidbrowserhelper:2.6.2] AndroidManifest.xml:23:9-29:18
37            <action android:name="android.intent.action.VIEW" />
37-->src/main/AndroidManifest.xml:146:17-68
37-->src/main/AndroidManifest.xml:146:25-66
38
39            <category android:name="android.intent.category.BROWSABLE" />
39-->src/main/AndroidManifest.xml:148:17-77
39-->src/main/AndroidManifest.xml:148:27-75
40
41            <data android:scheme="https" />
41-->src/main/AndroidManifest.xml:149:17-152:19
41-->src/main/AndroidManifest.xml:149:23-45
42        </intent>
43    </queries>
44
45    <permission
45-->[androidx.core:core:1.13.0] AndroidManifest.xml:22:5-24:47
46        android:name="com.izypt.app.DYNAMIC_RECEIVER_NOT_EXPORTED_PERMISSION"
46-->[androidx.core:core:1.13.0] AndroidManifest.xml:23:9-81
47        android:protectionLevel="signature" />
47-->[androidx.core:core:1.13.0] AndroidManifest.xml:24:9-44
48
49    <uses-permission android:name="com.izypt.app.DYNAMIC_RECEIVER_NOT_EXPORTED_PERMISSION" />
49-->[androidx.core:core:1.13.0] AndroidManifest.xml:26:5-97
49-->[androidx.core:core:1.13.0] AndroidManifest.xml:26:22-94
50
51    <application
51-->src/main/AndroidManifest.xml:35:5-213:19
52        android:name="com.izypt.app.Application"
52-->src/main/AndroidManifest.xml:36:9-35
53        android:allowBackup="true"
53-->src/main/AndroidManifest.xml:37:9-35
54        android:appComponentFactory="androidx.core.app.CoreComponentFactory"
54-->[androidx.core:core:1.13.0] AndroidManifest.xml:28:18-86
55        android:extractNativeLibs="true"
56        android:icon="@mipmap/ic_launcher"
56-->src/main/AndroidManifest.xml:38:9-43
57        android:label="@string/appName"
57-->src/main/AndroidManifest.xml:39:9-40
58        android:manageSpaceActivity="com.google.androidbrowserhelper.trusted.ManageDataLauncherActivity"
58-->src/main/AndroidManifest.xml:41:9-105
59        android:supportsRtl="true"
59-->src/main/AndroidManifest.xml:43:9-35
60        android:theme="@android:style/Theme.Translucent.NoTitleBar" >
60-->src/main/AndroidManifest.xml:44:9-68
61        <meta-data
61-->src/main/AndroidManifest.xml:46:9-48:58
62            android:name="asset_statements"
62-->src/main/AndroidManifest.xml:47:13-44
63            android:resource="@string/assetStatements" />
63-->src/main/AndroidManifest.xml:48:13-55
64        <meta-data
64-->src/main/AndroidManifest.xml:51:13-53:58
65            android:name="web_manifest_url"
65-->src/main/AndroidManifest.xml:52:17-48
66            android:value="@string/webManifestUrl" />
66-->src/main/AndroidManifest.xml:53:17-55
67        <meta-data
67-->src/main/AndroidManifest.xml:56:9-58:52
68            android:name="twa_generator"
68-->src/main/AndroidManifest.xml:57:13-41
69            android:value="@string/generatorApp" />
69-->src/main/AndroidManifest.xml:58:13-49
70
71        <activity android:name="com.google.androidbrowserhelper.trusted.ManageDataLauncherActivity" >
71-->src/main/AndroidManifest.xml:65:13-69:24
71-->src/main/AndroidManifest.xml:65:23-104
72            <meta-data
72-->src/main/AndroidManifest.xml:66:13-68:53
73                android:name="android.support.customtabs.trusted.MANAGE_SPACE_URL"
73-->src/main/AndroidManifest.xml:67:17-83
74                android:value="@string/launchUrl" />
74-->src/main/AndroidManifest.xml:68:17-50
75        </activity>
76        <activity
76-->src/main/AndroidManifest.xml:72:9-174:20
77            android:name="com.izypt.app.LauncherActivity"
77-->src/main/AndroidManifest.xml:72:19-50
78            android:alwaysRetainTaskState="true"
78-->src/main/AndroidManifest.xml:73:13-49
79            android:exported="true"
79-->src/main/AndroidManifest.xml:75:13-36
80            android:label="@string/launcherName" >
80-->src/main/AndroidManifest.xml:74:13-49
81            <meta-data
81-->src/main/AndroidManifest.xml:76:13-77:53
82                android:name="android.support.customtabs.trusted.DEFAULT_URL"
82-->src/main/AndroidManifest.xml:76:24-85
83                android:value="@string/launchUrl" />
83-->src/main/AndroidManifest.xml:77:17-50
84            <meta-data
84-->src/main/AndroidManifest.xml:79:13-81:58
85                android:name="android.support.customtabs.trusted.STATUS_BAR_COLOR"
85-->src/main/AndroidManifest.xml:80:17-83
86                android:resource="@color/colorPrimary" />
86-->src/main/AndroidManifest.xml:81:17-55
87            <meta-data
87-->src/main/AndroidManifest.xml:85:13-87:62
88                android:name="android.support.customtabs.trusted.STATUS_BAR_COLOR_DARK"
88-->src/main/AndroidManifest.xml:86:17-88
89                android:resource="@color/colorPrimaryDark" />
89-->src/main/AndroidManifest.xml:87:17-59
90            <meta-data
90-->src/main/AndroidManifest.xml:89:13-91:61
91                android:name="android.support.customtabs.trusted.NAVIGATION_BAR_COLOR"
91-->src/main/AndroidManifest.xml:90:17-87
92                android:resource="@color/navigationColor" />
92-->src/main/AndroidManifest.xml:91:17-58
93            <meta-data
93-->src/main/AndroidManifest.xml:93:13-95:65
94                android:name="android.support.customtabs.trusted.NAVIGATION_BAR_COLOR_DARK"
94-->src/main/AndroidManifest.xml:94:17-92
95                android:resource="@color/navigationColorDark" />
95-->src/main/AndroidManifest.xml:95:17-62
96            <meta-data
96-->src/main/AndroidManifest.xml:97:13-99:68
97                android:name="androix.browser.trusted.NAVIGATION_BAR_DIVIDER_COLOR"
97-->src/main/AndroidManifest.xml:98:17-84
98                android:resource="@color/navigationDividerColor" />
98-->src/main/AndroidManifest.xml:99:17-65
99            <meta-data
99-->src/main/AndroidManifest.xml:101:13-103:72
100                android:name="androix.browser.trusted.NAVIGATION_BAR_DIVIDER_COLOR_DARK"
100-->src/main/AndroidManifest.xml:102:17-89
101                android:resource="@color/navigationDividerColorDark" />
101-->src/main/AndroidManifest.xml:103:17-69
102            <meta-data
102-->src/main/AndroidManifest.xml:105:13-106:54
103                android:name="android.support.customtabs.trusted.SPLASH_IMAGE_DRAWABLE"
103-->src/main/AndroidManifest.xml:105:24-95
104                android:resource="@drawable/splash" />
104-->src/main/AndroidManifest.xml:106:17-52
105            <meta-data
105-->src/main/AndroidManifest.xml:108:13-109:60
106                android:name="android.support.customtabs.trusted.SPLASH_SCREEN_BACKGROUND_COLOR"
106-->src/main/AndroidManifest.xml:108:24-104
107                android:resource="@color/backgroundColor" />
107-->src/main/AndroidManifest.xml:109:17-58
108            <meta-data
108-->src/main/AndroidManifest.xml:111:13-112:71
109                android:name="android.support.customtabs.trusted.SPLASH_SCREEN_FADE_OUT_DURATION"
109-->src/main/AndroidManifest.xml:111:24-105
110                android:value="@integer/splashScreenFadeOutDuration" />
110-->src/main/AndroidManifest.xml:112:17-69
111            <meta-data
111-->src/main/AndroidManifest.xml:114:13-115:60
112                android:name="android.support.customtabs.trusted.FILE_PROVIDER_AUTHORITY"
112-->src/main/AndroidManifest.xml:114:24-97
113                android:value="@string/providerAuthority" />
113-->src/main/AndroidManifest.xml:115:17-58
114            <meta-data
114-->src/main/AndroidManifest.xml:117:13-97
115                android:name="android.app.shortcuts"
115-->src/main/AndroidManifest.xml:117:24-60
116                android:resource="@xml/shortcuts" />
116-->src/main/AndroidManifest.xml:117:61-94
117            <meta-data
117-->src/main/AndroidManifest.xml:119:13-120:56
118                android:name="android.support.customtabs.trusted.FALLBACK_STRATEGY"
118-->src/main/AndroidManifest.xml:119:24-91
119                android:value="@string/fallbackType" />
119-->src/main/AndroidManifest.xml:120:17-53
120            <meta-data
120-->src/main/AndroidManifest.xml:125:13-126:45
121                android:name="android.support.customtabs.trusted.DISPLAY_MODE"
121-->src/main/AndroidManifest.xml:125:24-86
122                android:value="immersive" />
122-->src/main/AndroidManifest.xml:126:17-42
123            <meta-data
123-->src/main/AndroidManifest.xml:129:13-130:54
124                android:name="android.support.customtabs.trusted.SCREEN_ORIENTATION"
124-->src/main/AndroidManifest.xml:129:24-92
125                android:value="@string/orientation" />
125-->src/main/AndroidManifest.xml:130:17-52
126            <meta-data
126-->src/main/AndroidManifest.xml:133:17-135:76
127                android:name="android.support.customtabs.trusted.ADDITIONAL_TRUSTED_ORIGINS"
127-->src/main/AndroidManifest.xml:134:21-97
128                android:resource="@array/additional_trusted_origins" />
128-->src/main/AndroidManifest.xml:135:21-73
129
130            <intent-filter>
130-->src/main/AndroidManifest.xml:140:13-143:29
131                <action android:name="android.intent.action.MAIN" />
131-->src/main/AndroidManifest.xml:141:17-69
131-->src/main/AndroidManifest.xml:141:25-66
132
133                <category android:name="android.intent.category.LAUNCHER" />
133-->src/main/AndroidManifest.xml:142:17-77
133-->src/main/AndroidManifest.xml:142:27-74
134            </intent-filter>
135            <intent-filter android:autoVerify="true" >
135-->src/main/AndroidManifest.xml:145:13-153:29
135-->src/main/AndroidManifest.xml:145:28-53
136                <action android:name="android.intent.action.VIEW" />
136-->src/main/AndroidManifest.xml:146:17-68
136-->src/main/AndroidManifest.xml:146:25-66
137
138                <category android:name="android.intent.category.DEFAULT" />
138-->src/main/AndroidManifest.xml:147:17-76
138-->src/main/AndroidManifest.xml:147:27-73
139                <category android:name="android.intent.category.BROWSABLE" />
139-->src/main/AndroidManifest.xml:148:17-77
139-->src/main/AndroidManifest.xml:148:27-75
140
141                <data
141-->src/main/AndroidManifest.xml:149:17-152:19
142                    android:host="@string/hostName"
142-->src/main/AndroidManifest.xml:150:21-52
143                    android:scheme="https" />
143-->src/main/AndroidManifest.xml:149:23-45
144            </intent-filter>
145            <intent-filter android:autoVerify="true" >
145-->src/main/AndroidManifest.xml:156:17-162:33
145-->src/main/AndroidManifest.xml:156:32-57
146                <action android:name="android.intent.action.VIEW" />
146-->src/main/AndroidManifest.xml:146:17-68
146-->src/main/AndroidManifest.xml:146:25-66
147
148                <category android:name="android.intent.category.DEFAULT" />
148-->src/main/AndroidManifest.xml:147:17-76
148-->src/main/AndroidManifest.xml:147:27-73
149                <category android:name="android.intent.category.BROWSABLE" />
149-->src/main/AndroidManifest.xml:148:17-77
149-->src/main/AndroidManifest.xml:148:27-75
150
151                <data
151-->src/main/AndroidManifest.xml:149:17-152:19
152                    android:host="izypt.com"
152-->src/main/AndroidManifest.xml:150:21-52
153                    android:scheme="https" />
153-->src/main/AndroidManifest.xml:149:23-45
154            </intent-filter>
155            <intent-filter android:autoVerify="true" >
155-->src/main/AndroidManifest.xml:164:17-170:33
155-->src/main/AndroidManifest.xml:164:32-57
156                <action android:name="android.intent.action.VIEW" />
156-->src/main/AndroidManifest.xml:146:17-68
156-->src/main/AndroidManifest.xml:146:25-66
157
158                <category android:name="android.intent.category.DEFAULT" />
158-->src/main/AndroidManifest.xml:147:17-76
158-->src/main/AndroidManifest.xml:147:27-73
159                <category android:name="android.intent.category.BROWSABLE" />
159-->src/main/AndroidManifest.xml:148:17-77
159-->src/main/AndroidManifest.xml:148:27-75
160
161                <data
161-->src/main/AndroidManifest.xml:149:17-152:19
162                    android:host="www.izypt.com"
162-->src/main/AndroidManifest.xml:150:21-52
163                    android:scheme="https" />
163-->src/main/AndroidManifest.xml:149:23-45
164            </intent-filter>
165        </activity>
166        <activity android:name="com.google.androidbrowserhelper.trusted.FocusActivity" />
166-->src/main/AndroidManifest.xml:176:9-90
166-->src/main/AndroidManifest.xml:176:19-87
167        <activity
167-->src/main/AndroidManifest.xml:178:9-179:62
168            android:name="com.google.androidbrowserhelper.trusted.WebViewFallbackActivity"
168-->src/main/AndroidManifest.xml:178:19-97
169            android:configChanges="orientation|screenSize" />
169-->src/main/AndroidManifest.xml:179:13-59
170
171        <provider
171-->src/main/AndroidManifest.xml:181:9-189:20
172            android:name="androidx.core.content.FileProvider"
172-->src/main/AndroidManifest.xml:182:13-62
173            android:authorities="@string/providerAuthority"
173-->src/main/AndroidManifest.xml:183:13-60
174            android:exported="false"
174-->src/main/AndroidManifest.xml:185:13-37
175            android:grantUriPermissions="true" >
175-->src/main/AndroidManifest.xml:184:13-47
176            <meta-data
176-->src/main/AndroidManifest.xml:186:13-188:53
177                android:name="android.support.FILE_PROVIDER_PATHS"
177-->src/main/AndroidManifest.xml:187:17-67
178                android:resource="@xml/filepaths" />
178-->src/main/AndroidManifest.xml:188:17-50
179        </provider>
180
181        <service
181-->src/main/AndroidManifest.xml:191:9-206:19
182            android:name="com.izypt.app.DelegationService"
182-->src/main/AndroidManifest.xml:192:13-46
183            android:enabled="@bool/enableNotification"
183-->src/main/AndroidManifest.xml:193:13-55
184            android:exported="@bool/enableNotification" >
184-->src/main/AndroidManifest.xml:194:13-56
185            <meta-data
185-->src/main/AndroidManifest.xml:197:17-199:73
186                android:name="android.support.customtabs.trusted.SMALL_ICON"
186-->src/main/AndroidManifest.xml:198:21-81
187                android:resource="@drawable/ic_notification_icon" />
187-->src/main/AndroidManifest.xml:199:21-70
188
189            <intent-filter>
189-->src/main/AndroidManifest.xml:202:13-205:29
190                <action android:name="android.support.customtabs.trusted.TRUSTED_WEB_ACTIVITY_SERVICE" />
190-->src/main/AndroidManifest.xml:203:17-105
190-->src/main/AndroidManifest.xml:203:25-103
191
192                <category android:name="android.intent.category.DEFAULT" />
192-->src/main/AndroidManifest.xml:147:17-76
192-->src/main/AndroidManifest.xml:147:27-73
193            </intent-filter>
194        </service>
195
196        <activity android:name="com.google.androidbrowserhelper.trusted.NotificationPermissionRequestActivity" />
196-->src/main/AndroidManifest.xml:209:13-118
196-->src/main/AndroidManifest.xml:209:23-115
197
198        <provider
198-->[androidx.emoji2:emoji2:1.3.0] AndroidManifest.xml:24:9-32:20
199            android:name="androidx.startup.InitializationProvider"
199-->[androidx.emoji2:emoji2:1.3.0] AndroidManifest.xml:25:13-67
200            android:authorities="com.izypt.app.androidx-startup"
200-->[androidx.emoji2:emoji2:1.3.0] AndroidManifest.xml:26:13-68
201            android:exported="false" >
201-->[androidx.emoji2:emoji2:1.3.0] AndroidManifest.xml:27:13-37
202            <meta-data
202-->[androidx.emoji2:emoji2:1.3.0] AndroidManifest.xml:29:13-31:52
203                android:name="androidx.emoji2.text.EmojiCompatInitializer"
203-->[androidx.emoji2:emoji2:1.3.0] AndroidManifest.xml:30:17-75
204                android:value="androidx.startup" />
204-->[androidx.emoji2:emoji2:1.3.0] AndroidManifest.xml:31:17-49
205            <meta-data
205-->[androidx.lifecycle:lifecycle-process:2.6.2] AndroidManifest.xml:29:13-31:52
206                android:name="androidx.lifecycle.ProcessLifecycleInitializer"
206-->[androidx.lifecycle:lifecycle-process:2.6.2] AndroidManifest.xml:30:17-78
207                android:value="androidx.startup" />
207-->[androidx.lifecycle:lifecycle-process:2.6.2] AndroidManifest.xml:31:17-49
208            <meta-data
208-->[androidx.profileinstaller:profileinstaller:1.3.1] AndroidManifest.xml:29:13-31:52
209                android:name="androidx.profileinstaller.ProfileInstallerInitializer"
209-->[androidx.profileinstaller:profileinstaller:1.3.1] AndroidManifest.xml:30:17-85
210                android:value="androidx.startup" />
210-->[androidx.profileinstaller:profileinstaller:1.3.1] AndroidManifest.xml:31:17-49
211        </provider>
212
213        <receiver
213-->[androidx.profileinstaller:profileinstaller:1.3.1] AndroidManifest.xml:34:9-52:20
214            android:name="androidx.profileinstaller.ProfileInstallReceiver"
214-->[androidx.profileinstaller:profileinstaller:1.3.1] AndroidManifest.xml:35:13-76
215            android:directBootAware="false"
215-->[androidx.profileinstaller:profileinstaller:1.3.1] AndroidManifest.xml:36:13-44
216            android:enabled="true"
216-->[androidx.profileinstaller:profileinstaller:1.3.1] AndroidManifest.xml:37:13-35
217            android:exported="true"
217-->[androidx.profileinstaller:profileinstaller:1.3.1] AndroidManifest.xml:38:13-36
218            android:permission="android.permission.DUMP" >
218-->[androidx.profileinstaller:profileinstaller:1.3.1] AndroidManifest.xml:39:13-57
219            <intent-filter>
219-->[androidx.profileinstaller:profileinstaller:1.3.1] AndroidManifest.xml:40:13-42:29
220                <action android:name="androidx.profileinstaller.action.INSTALL_PROFILE" />
220-->[androidx.profileinstaller:profileinstaller:1.3.1] AndroidManifest.xml:41:17-91
220-->[androidx.profileinstaller:profileinstaller:1.3.1] AndroidManifest.xml:41:25-88
221            </intent-filter>
222            <intent-filter>
222-->[androidx.profileinstaller:profileinstaller:1.3.1] AndroidManifest.xml:43:13-45:29
223                <action android:name="androidx.profileinstaller.action.SKIP_FILE" />
223-->[androidx.profileinstaller:profileinstaller:1.3.1] AndroidManifest.xml:44:17-85
223-->[androidx.profileinstaller:profileinstaller:1.3.1] AndroidManifest.xml:44:25-82
224            </intent-filter>
225            <intent-filter>
225-->[androidx.profileinstaller:profileinstaller:1.3.1] AndroidManifest.xml:46:13-48:29
226                <action android:name="androidx.profileinstaller.action.SAVE_PROFILE" />
226-->[androidx.profileinstaller:profileinstaller:1.3.1] AndroidManifest.xml:47:17-88
226-->[androidx.profileinstaller:profileinstaller:1.3.1] AndroidManifest.xml:47:25-85
227            </intent-filter>
228            <intent-filter>
228-->[androidx.profileinstaller:profileinstaller:1.3.1] AndroidManifest.xml:49:13-51:29
229                <action android:name="androidx.profileinstaller.action.BENCHMARK_OPERATION" />
229-->[androidx.profileinstaller:profileinstaller:1.3.1] AndroidManifest.xml:50:17-95
229-->[androidx.profileinstaller:profileinstaller:1.3.1] AndroidManifest.xml:50:25-92
230            </intent-filter>
231        </receiver>
232    </application>
233
234</manifest>